<?xml version="1.0" encoding="UTF-8"?>
<!-- Generated by org.testng.reporters.JUnitReportReporter -->
<testsuite hostname="Zaids-MacBook-Pro.local" failures="0" tests="1" name="QABootcam_MAVEN.OrangeHRM.DashboardTest" time="30.249" errors="0" timestamp="2025-09-01T11:37:32 EEST" skipped="0">
  <testcase classname="QABootcam_MAVEN.OrangeHRM.DashboardTest" name="testDashboardStructure" time="30.249"/>
</testsuite> <!-- QABootcam_MAVEN.OrangeHRM.DashboardTest -->
