<?xml version="1.0" encoding="UTF-8"?>
<!-- Generated by org.testng.reporters.JUnitReportReporter -->
<testsuite hostname="Zaids-MacBook-Pro.local" failures="0" tests="9" name="QABootcam_MAVEN.OrangeHRM.OrganizationStructureTest" time="128.912" errors="0" timestamp="2025-09-04T10:45:15 EEST" skipped="0">
  <testcase classname="QABootcam_MAVEN.OrangeHRM.OrganizationStructureTest" name="TC_STR_001_verifyStructurePageNavigation" time="1.843"/>
  <testcase classname="QABootcam_MAVEN.OrangeHRM.OrganizationStructureTest" name="TC_STR_002_verifyEditToggle" time="1.557"/>
  <testcase classname="QABootcam_MAVEN.OrangeHRM.OrganizationStructureTest" name="TC_STR_003_addMainUnit" time="6.352"/>
  <testcase classname="QABootcam_MAVEN.OrangeHRM.OrganizationStructureTest" name="TC_STR_004_addSubUnits" time="45.489"/>
  <testcase classname="QABootcam_MAVEN.OrangeHRM.OrganizationStructureTest" name="TC_STR_005_verifyNameFieldCannotBeEmpty_AddMainUnit" time="22.680"/>
  <testcase classname="QABootcam_MAVEN.OrangeHRM.OrganizationStructureTest" name="TC_STR_007_verifyNameFieldCannotBeEmpty_EditMainUnit" time="12.041"/>
  <testcase classname="QABootcam_MAVEN.OrangeHRM.OrganizationStructureTest" name="TC_STR_008_verifyAdminCanEditUnit" time="6.460"/>
  <testcase classname="QABootcam_MAVEN.OrangeHRM.OrganizationStructureTest" name="TC_STR_009_verifyDeleteSubUnit" time="21.681"/>
  <testcase classname="QABootcam_MAVEN.OrangeHRM.OrganizationStructureTest" name="TC_STR_010_verifyDeleteMainUnit" time="10.809"/>
</testsuite> <!-- QABootcam_MAVEN.OrangeHRM.OrganizationStructureTest -->
