<?xml version="1.0" encoding="UTF-8"?>
<!-- Generated by org.testng.reporters.JUnitReportReporter -->
<testsuite hostname="Zaids-MacBook-Pro.local" failures="0" tests="14" name="QABootcam_MAVEN.OrangeHRM.QualificationsSkillsTest" time="196.541" errors="0" timestamp="2025-09-04T11:23:42 EEST" skipped="0">
  <testcase classname="QABootcam_MAVEN.OrangeHRM.QualificationsSkillsTest" name="TC_SKILLS_001_verifySkillsButtonRedirect" time="4.957"/>
  <testcase classname="QABootcam_MAVEN.OrangeHRM.QualificationsSkillsTest" name="TC_SKILLS_002_addNewSkill" time="6.586"/>
  <testcase classname="QABootcam_MAVEN.OrangeHRM.QualificationsSkillsTest" name="TC_SKILLS_002_addNewSkill" time="6.930"/>
  <testcase classname="QABootcam_MAVEN.OrangeHRM.QualificationsSkillsTest" name="TC_SKILLS_002_addNewSkill" time="6.954"/>
  <testcase classname="QABootcam_MAVEN.OrangeHRM.QualificationsSkillsTest" name="TC_SKILLS_002_addNewSkill" time="6.967"/>
  <testcase classname="QABootcam_MAVEN.OrangeHRM.QualificationsSkillsTest" name="TC_SKILLS_002_addNewSkill" time="4.878"/>
  <testcase classname="QABootcam_MAVEN.OrangeHRM.QualificationsSkillsTest" name="TC_SKILLS_002_addNewSkill" time="7.889"/>
  <testcase classname="QABootcam_MAVEN.OrangeHRM.QualificationsSkillsTest" name="TC_SKILLS_003_verifyEmptyNameNotAccepted" time="10.430"/>
  <testcase classname="QABootcam_MAVEN.OrangeHRM.QualificationsSkillsTest" name="TC_SKILLS_004_verifyCancelButtonWorks" time="9.908"/>
  <testcase classname="QABootcam_MAVEN.OrangeHRM.QualificationsSkillsTest" name="TC_SKILLS_005_verifyDeleteSkill" time="17.626"/>
  <testcase classname="QABootcam_MAVEN.OrangeHRM.QualificationsSkillsTest" name="TC_SKILLS_006_verifyDeleteMultipleSkills" time="33.517"/>
  <testcase classname="QABootcam_MAVEN.OrangeHRM.QualificationsSkillsTest" name="TC_SKILLS_007_verifyEditSkill" time="28.715"/>
  <testcase classname="QABootcam_MAVEN.OrangeHRM.QualificationsSkillsTest" name="TC_SKILLS_007_verifyEditSkill" time="29.329"/>
  <testcase classname="QABootcam_MAVEN.OrangeHRM.QualificationsSkillsTest" name="TC_SKILLS_008_verifyCancelEditSkill" time="21.855"/>
</testsuite> <!-- QABootcam_MAVEN.OrangeHRM.QualificationsSkillsTest -->
